<?xml version="1.0" encoding="UTF-8"?>
<testsuite xmlns:xsi="http://www.w3.org/2001/XMLSchema-instance" xsi:noNamespaceSchemaLocation="https://maven.apache.org/surefire/maven-surefire-plugin/xsd/surefire-test-report.xsd" version="3.0.2" name="com.telecom.TelecommApplicationTests" time="5.269" tests="1" errors="0" skipped="0" failures="0">
  <properties>
[...]
</properties>
  <testcase name="contextLoads" classname="com.telecom.TelecommApplicationTests" time="1.077">
    <system-out><![CDATA[17:11:59.286 [main] INFO org.springframework.test.context.support.AnnotationConfigContextLoaderUtils -- Could not detect default configuration classes for test class [com.telecom.TelecommApplicationTests]: TelecommApplicationTests does not declare any static, non-private, non-final, nested classes annotated with @Configuration.
17:11:59.414 [main] INFO org.springframework.boot.test.context.SpringBootTestContextBootstrapper -- Found @SpringBootConfiguration com.telecom.TelecommApplication for test class com.telecom.TelecommApplicationTests

  .   ____          _            __ _ _
 /\\ / ___'_ __ _ _(_)_ __  __ _ \ \ \ \
( ( )\___ | '_ | '_| | '_ \/ _` | \ \ \ \
 \\/  ___)| |_)| | | | | || (_| |  ) ) ) )
  '  |____| .__|_| |_|_| |_\__, | / / / /
 =========|_|==============|___/=/_/_/_/

 :: Spring Boot ::                (v3.4.1)

2025-01-04T17:11:59.957+05:30  INFO 20860 --- [Telecomm] [           main] com.telecom.TelecommApplicationTests     : Starting TelecommApplicationTests using Java 17.0.10 with PID 20860 (started by NISHAN SINGH in D:\Spring sts\Telecomm)
2025-01-04T17:11:59.959+05:30  INFO 20860 --- [Telecomm] [           main] com.telecom.TelecommApplicationTests     : No active profile set, falling back to 1 default profile: "default"
2025-01-04T17:12:00.778+05:30  INFO 20860 --- [Telecomm] [           main] .s.d.r.c.RepositoryConfigurationDelegate : Bootstrapping Spring Data JDBC repositories in DEFAULT mode.
2025-01-04T17:12:00.803+05:30  INFO 20860 --- [Telecomm] [           main] .s.d.r.c.RepositoryConfigurationDelegate : Finished Spring Data repository scanning in 17 ms. Found 0 JDBC repository interfaces.
2025-01-04T17:12:01.405+05:30  INFO 20860 --- [Telecomm] [           main] r$InitializeUserDetailsManagerConfigurer : Global AuthenticationManager configured with UserDetailsService bean with name inMemoryUserDetailsManager
2025-01-04T17:12:02.057+05:30  INFO 20860 --- [Telecomm] [           main] com.zaxxer.hikari.HikariDataSource       : HikariPool-1 - Starting...
2025-01-04T17:12:03.094+05:30  INFO 20860 --- [Telecomm] [           main] com.zaxxer.hikari.pool.HikariPool        : HikariPool-1 - Added connection com.mysql.cj.jdbc.ConnectionImpl@45e11627
2025-01-04T17:12:03.096+05:30  INFO 20860 --- [Telecomm] [           main] com.zaxxer.hikari.HikariDataSource       : HikariPool-1 - Start completed.
2025-01-04T17:12:03.288+05:30  INFO 20860 --- [Telecomm] [           main] com.telecom.TelecommApplicationTests     : Started TelecommApplicationTests in 3.653 seconds (process running for 5.092)
]]></system-out>
  </testcase>
</testsuite>